<?xml version="1.0" encoding="UTF-8"?>
<!-- Generated by org.testng.reporters.JUnitReportReporter -->
<testsuite hostname="Dayasindhu" failures="0" tests="1" name="testNG_suit_programs.Fastrack" time="8.087" errors="0" timestamp="2023-12-14T17:54:50 IST" skipped="0">
  <testcase classname="testNG_suit_programs.Fastrack" name="login" time="8.087"/>
  <system-out/>
</testsuite> <!-- testNG_suit_programs.Fastrack -->
