<?xml version="1.0" encoding="UTF-8"?>
<!-- Generated by org.testng.reporters.JUnitReportReporter -->
<testsuite hostname="Dayasindhu" failures="0" tests="1" name="scripts.TC_Id_006" time="21.041" errors="0" timestamp="2023-12-27T17:44:04 IST" skipped="0">
  <testcase classname="scripts.TC_Id_006" name="registerAndAddToCart" time="21.041"/>
  <system-out/>
</testsuite> <!-- scripts.TC_Id_006 -->
