<?xml version="1.0" encoding="UTF-8"?>
<!-- Generated by org.testng.reporters.JUnitReportReporter -->
<testsuite hostname="Dayasindhu" failures="0" tests="1" name="scripts.TC_Login_003" time="0.010" errors="0" timestamp="2023-12-15T17:47:19 IST" skipped="0">
  <testcase classname="scripts.TC_Login_003" name="loginWithoutCred" time="0.010"/>
  <system-out>
Cannot Login without credentials  </system-out>
</testsuite> <!-- scripts.TC_Login_003 -->
