<?xml version="1.0" encoding="UTF-8"?>
<!-- Generated by org.testng.reporters.JUnitReportReporter -->
<testsuite hostname="Dayasindhu" failures="0" tests="1" name="scripts.TC_Id_001" time="0.071" errors="0" timestamp="2023-12-27T11:33:58 IST" skipped="0">
  <testcase classname="scripts.TC_Id_001" name="login" time="0.071"/>
  <system-out>
Login is successfull  </system-out>
</testsuite> <!-- scripts.TC_Id_001 -->
