<?xml version="1.0" encoding="UTF-8"?>
<!-- Generated by org.testng.reporters.JUnitReportReporter -->
<testsuite hostname="Dayasindhu" failures="0" tests="3" name="testNG_programs.DataFetchingFromExcel" time="27.662" errors="0" timestamp="2023-12-19T11:08:30 IST" skipped="0">
  <testcase classname="testNG_programs.DataFetchingFromExcel" name="testingUsernameTextField" time="6.808"/>
  <system-out/>
  <testcase classname="testNG_programs.DataFetchingFromExcel" name="testingUsernameTextField" time="8.125"/>
  <system-out/>
  <testcase classname="testNG_programs.DataFetchingFromExcel" name="testingUsernameTextField" time="12.729"/>
  <system-out/>
</testsuite> <!-- testNG_programs.DataFetchingFromExcel -->
