<?xml version="1.0" encoding="UTF-8"?>
<!-- Generated by org.testng.reporters.JUnitReportReporter -->
<testsuite hostname="Dayasindhu" failures="0" tests="8" name="testNG_programs.HelperAttributes" time="356.248" errors="0" timestamp="2023-12-13T12:56:20 IST" skipped="0">
  <testcase classname="testNG_programs.HelperAttributes" name="mahindra" time="56.958"/>
  <system-out/>
  <testcase classname="testNG_programs.HelperAttributes" name="mahindra" time="57.100"/>
  <system-out/>
  <testcase classname="testNG_programs.HelperAttributes" name="suzuki" time="32.748"/>
  <system-out/>
  <testcase classname="testNG_programs.HelperAttributes" name="suzuki" time="32.376"/>
  <system-out/>
  <testcase classname="testNG_programs.HelperAttributes" name="mahindra" time="7.265"/>
  <system-out/>
  <testcase classname="testNG_programs.HelperAttributes" name="tata" time="28.549"/>
  <system-out/>
  <testcase classname="testNG_programs.HelperAttributes" name="tata" time="69.633"/>
  <system-out/>
  <testcase classname="testNG_programs.HelperAttributes" name="tata" time="71.619"/>
  <system-out/>
</testsuite> <!-- testNG_programs.HelperAttributes -->
