<?xml version="1.0" encoding="UTF-8"?>
<!-- Generated by org.testng.reporters.JUnitReportReporter -->
<testsuite hostname="Dayasindhu" failures="0" tests="5" name="testNG_programs.URLFeeding" time="111.895" errors="0" timestamp="2023-12-19T10:30:36 IST" skipped="0">
  <testcase classname="testNG_programs.URLFeeding" name="testingUsernameTextField" time="10.155"/>
  <system-out/>
  <testcase classname="testNG_programs.URLFeeding" name="testingUsernameTextField" time="18.553"/>
  <system-out/>
  <testcase classname="testNG_programs.URLFeeding" name="testingUsernameTextField" time="9.928"/>
  <system-out/>
  <testcase classname="testNG_programs.URLFeeding" name="testingUsernameTextField" time="69.510"/>
  <system-out/>
  <testcase classname="testNG_programs.URLFeeding" name="testingUsernameTextField" time="3.749"/>
  <system-out/>
</testsuite> <!-- testNG_programs.URLFeeding -->
