<?xml version="1.0" encoding="UTF-8"?>
<!-- Generated by org.testng.reporters.JUnitReportReporter -->
<testsuite hostname="Dayasindhu" failures="0" tests="1" name="dummy_programs_for_batch_execution.JokerAndWitch" time="6.226" errors="0" timestamp="2023-12-14T12:05:55 IST" skipped="0">
  <testcase classname="dummy_programs_for_batch_execution.JokerAndWitch" name="openAccount" time="6.226"/>
  <system-out/>
</testsuite> <!-- dummy_programs_for_batch_execution.JokerAndWitch -->
