<?xml version="1.0" encoding="UTF-8"?>
<!-- Generated by org.testng.reporters.JUnitReportReporter -->
<testsuite hostname="Dayasindhu" failures="0" tests="1" name="scripts.TC_Id_003" time="17.336" errors="0" timestamp="2023-12-27T11:36:15 IST" skipped="0">
  <testcase classname="scripts.TC_Id_003" name="addToCart" time="17.336"/>
  <system-out>
Product is not added to cart  </system-out>
</testsuite> <!-- scripts.TC_Id_003 -->
