<?xml version="1.0" encoding="UTF-8"?>
<!-- Generated by org.testng.reporters.JUnitReportReporter -->
<testsuite hostname="Dayasindhu" failures="0" tests="1" name="dummy_programs_for_batch_execution.Casio" time="7.726" errors="0" timestamp="2023-12-14T12:05:55 IST" skipped="0">
  <testcase classname="dummy_programs_for_batch_execution.Casio" name="game" time="7.726"/>
  <system-out/>
</testsuite> <!-- dummy_programs_for_batch_execution.Casio -->
