<?xml version="1.0" encoding="UTF-8"?>
<!-- Generated by org.testng.reporters.JUnitReportReporter -->
<testsuite hostname="Dayasindhu" failures="0" tests="1" name="testNG_programs.TimeoutAttribute" time="18.131" errors="0" timestamp="2023-12-13T16:00:58 IST" skipped="0">
  <testcase classname="testNG_programs.TimeoutAttribute" name="game" time="18.131"/>
  <system-out/>
</testsuite> <!-- testNG_programs.TimeoutAttribute -->
