<?xml version="1.0" encoding="UTF-8"?>
<!-- Generated by org.testng.reporters.JUnitReportReporter -->
<testsuite hostname="Dayasindhu" failures="0" tests="1" name="scripts.TC_Id_005" time="4.753" errors="0" timestamp="2023-12-27T15:48:03 IST" skipped="0">
  <testcase classname="scripts.TC_Id_005" name="addToWishlist" time="4.753"/>
  <system-out/>
</testsuite> <!-- scripts.TC_Id_005 -->
