<?xml version="1.0" encoding="UTF-8"?>
<!-- Generated by org.testng.reporters.JUnitReportReporter -->
<testsuite hostname="Dayasindhu" failures="0" tests="1" name="testNG_suit_programs.DemoWorkshop" time="9.136" errors="0" timestamp="2023-12-14T17:54:50 IST" skipped="0">
  <testcase classname="testNG_suit_programs.DemoWorkshop" name="login" time="9.136"/>
  <system-out/>
</testsuite> <!-- testNG_suit_programs.DemoWorkshop -->
