<?xml version="1.0" encoding="UTF-8"?>
<!-- Generated by org.testng.reporters.JUnitReportReporter -->
<testsuite hostname="Dayasindhu" failures="0" tests="5" name="dummy_programs_for_batch_execution.HelperAttributes" time="42.459" errors="0" timestamp="2023-12-14T12:05:55 IST" skipped="0">
  <testcase classname="dummy_programs_for_batch_execution.HelperAttributes" name="suzuki" time="7.691"/>
  <system-out/>
  <testcase classname="dummy_programs_for_batch_execution.HelperAttributes" name="suzuki" time="5.741"/>
  <system-out/>
  <testcase classname="dummy_programs_for_batch_execution.HelperAttributes" name="tata" time="8.295"/>
  <system-out/>
  <testcase classname="dummy_programs_for_batch_execution.HelperAttributes" name="tata" time="9.593"/>
  <system-out/>
  <testcase classname="dummy_programs_for_batch_execution.HelperAttributes" name="tata" time="11.139"/>
  <system-out/>
</testsuite> <!-- dummy_programs_for_batch_execution.HelperAttributes -->
