<?xml version="1.0" encoding="UTF-8"?>
<!-- Generated by org.testng.reporters.JUnitReportReporter -->
<testsuite hostname="Dayasindhu" failures="0" tests="1" name="testNG_suit_programs.Vtiger" time="14.059" errors="0" timestamp="2023-12-14T17:54:50 IST" skipped="0">
  <testcase classname="testNG_suit_programs.Vtiger" name="login" time="14.059"/>
  <system-out/>
</testsuite> <!-- testNG_suit_programs.Vtiger -->
