<?xml version="1.0" encoding="UTF-8"?>
<!-- Generated by org.testng.reporters.JUnitReportReporter -->
<testsuite hostname="Dayasindhu" failures="0" tests="1" name="scripts.TC_Id_007" time="10.466" errors="0" timestamp="2023-12-27T16:00:35 IST" skipped="0">
  <testcase classname="scripts.TC_Id_007" name="addToCart" time="10.466"/>
  <system-out/>
</testsuite> <!-- scripts.TC_Id_007 -->
