<?xml version="1.0" encoding="UTF-8"?>
<!-- Generated by org.testng.reporters.JUnitReportReporter -->
<testsuite hostname="Dayasindhu" failures="0" tests="5" name="testNG_programs.DataFetching" time="27.796" errors="0" timestamp="2023-12-18T18:06:22 IST" skipped="0">
  <testcase classname="testNG_programs.DataFetching" name="testingUsernameTextField" time="4.783"/>
  <system-out/>
  <testcase classname="testNG_programs.DataFetching" name="testingUsernameTextField" time="8.960"/>
  <system-out/>
  <testcase classname="testNG_programs.DataFetching" name="testingUsernameTextField" time="4.868"/>
  <system-out/>
  <testcase classname="testNG_programs.DataFetching" name="testingUsernameTextField" time="4.799"/>
  <system-out/>
  <testcase classname="testNG_programs.DataFetching" name="testingUsernameTextField" time="4.386"/>
  <system-out/>
</testsuite> <!-- testNG_programs.DataFetching -->
