<?xml version="1.0" encoding="UTF-8"?>
<!-- Generated by org.testng.reporters.JUnitReportReporter -->
<testsuite hostname="Dayasindhu" failures="0" tests="1" name="scripts.TC_Id_004" time="13.290" errors="0" timestamp="2023-12-27T15:15:19 IST" skipped="0">
  <testcase classname="scripts.TC_Id_004" name="addToCart" time="13.290"/>
  <system-out/>
</testsuite> <!-- scripts.TC_Id_004 -->
