<?xml version="1.0" encoding="UTF-8"?>
<!-- Generated by org.testng.reporters.JUnitReportReporter -->
<testsuite hostname="Dayasindhu" failures="0" tests="1" name="scripts.TC_Id_002" time="15.998" errors="0" timestamp="2023-12-28T11:56:21 IST" skipped="0">
  <testcase classname="scripts.TC_Id_002" name="addToCart" time="15.998"/>
  <system-out>
Clicked on Computers Clicked on Desktops Clicked on the Product Clicked on add to cart button Clicked on shopping cart Clicked on checkbox button Clicked on checkout button Cleared the First name textbox Cleared the last name textbox Cleared the email textbox Entered the data in First name textbox Entered the data in Last name textbox Entered the data in email textbox Entered the data in Company name textbox Selected India in country drop down Entered the data in city name textbox Entered the data in Address1 textbox Entered the data in Address2 textbox Entered the data in pincode textbox Entered the data in Phone Number textbox Clicked on the Continue button after entering the billing address details Clicked on the Continue button after selecting the billing address Selected the time of delivery Clicked on the Continue button after selecting the shipping method Selected the type of payemnt Clicked on the Continue button after selecting the payment method Clicked on the Continue button after selecting the payment information Clicked on the Confirm button to place the order Order has been placed  </system-out>
</testsuite> <!-- scripts.TC_Id_002 -->
